Build started 14.1.2015 г. 12:26:05.
     1>Project "C:\Users\grade\Documents\Visual Studio 2013\Projects\3_71579_Roksana_Peycheva\3_71579_Roksana_Peycheva\3_71579_Roksana_Peycheva.vcxproj" on node 2 (Build target(s)).
     1>ClCompile:
         C:\Program Files (x86)\Microsoft Visual Studio 2013\VC\bin\CL.exe /c /ZI /nologo /W3 /WX- /sdl /Od /Oy- /D _MBCS /Gm /EHsc /RTC1 /MDd /GS /fp:precise /Zc:wchar_t /Zc:forScope /Fo"Debug\\" /Fd"Debug\vc120.pdb" /Gd /TP /analyze- /errorReport:prompt zad_2.cpp zad_3.cpp
         zad_3.cpp
         zad_2.cpp
         Generating Code...
     1>c:\users\grade\documents\visual studio 2013\projects\3_71579_roksana_peycheva\3_71579_roksana_peycheva\zad_3.cpp(8): error C4716: 'func' : must return a value
     1>Done Building Project "C:\Users\grade\Documents\Visual Studio 2013\Projects\3_71579_Roksana_Peycheva\3_71579_Roksana_Peycheva\3_71579_Roksana_Peycheva.vcxproj" (Build target(s)) -- FAILED.

Build FAILED.

Time Elapsed 00:00:00.81
